
Starting:    C:\Microsemi\Libero_SoC_v11.8\SynplifyPro\bin64\mbin\synbatch.exe
Install:     C:\Microsemi\Libero_SoC_v11.8\SynplifyPro
Hostname:    WIN-20J06I78429
Date:        Tue May 30 17:26:21 2017
Version:     L-2016.09M-2

Arguments:   -product synplify_pro -licensetype synplifypro_actel -batch -log synplify.log top_syn.tcl
ProductType: synplify_pro

License checkout: synplifypro_actel
License: synplifypro_actel node-locked 
Licensed Vendor: actel
License Option: actel_oem

Running in Vendor Mode


auto_infer_blackbox is not supported in current product.

log file: "Z:\Desktop\tag_mac_experiments\ofdm_backscatter_mac_random\synthesis\top.srr"

Running: synthesis in foreground



Running top_syn|synthesis


Running: compile (Compile) on top_syn|synthesis
# Tue May 30 17:26:22 2017


Running: compile_flow (Compile Process) on top_syn|synthesis
# Tue May 30 17:26:22 2017


Running: compiler (Compile Input) on top_syn|synthesis
# Tue May 30 17:26:22 2017

Copied Z:\Desktop\tag_mac_experiments\ofdm_backscatter_mac_random\synthesis\synwork\top_comp.srs to Z:\Desktop\tag_mac_experiments\ofdm_backscatter_mac_random\synthesis\top.srs


compiler completed
# Tue May 30 17:26:30 2017

Return Code: 0
Run Time:00h:00m:08s


Running: multi_srs_gen (Multi-srs Generator) on top_syn|synthesis
# Tue May 30 17:26:30 2017


multi_srs_gen completed
# Tue May 30 17:26:32 2017

Return Code: 0
Run Time:00h:00m:02s

Copied Z:\Desktop\tag_mac_experiments\ofdm_backscatter_mac_random\synthesis\synwork\top_mult.srs to Z:\Desktop\tag_mac_experiments\ofdm_backscatter_mac_random\synthesis\top.srs

Complete: Compile Process on top_syn|synthesis


Running: premap (Pre-mapping) on top_syn|synthesis
# Tue May 30 17:26:32 2017


premap completed with warnings
# Tue May 30 17:26:36 2017

Return Code: 1
Run Time:00h:00m:04s

Complete: Compile on top_syn|synthesis


Running: map (Map) on top_syn|synthesis
# Tue May 30 17:26:37 2017

License granted for 4 parallel jobs


Running: fpga_mapper (Map & Optimize) on top_syn|synthesis
# Tue May 30 17:26:37 2017

Copied Z:\Desktop\tag_mac_experiments\ofdm_backscatter_mac_random\synthesis\synwork\top_m.srm to Z:\Desktop\tag_mac_experiments\ofdm_backscatter_mac_random\synthesis\top.srm


fpga_mapper completed with warnings
# Tue May 30 17:26:52 2017

Return Code: 1
Run Time:00h:00m:15s

Complete: Map on top_syn|synthesis

Complete: Logic Synthesis on top_syn|synthesis

TCL script complete: "top_syn.tcl"

exit status=0

exit status=0

License checkin: synplifypro_actel

