Target Part: AGLN250V2_VQFP100_STD
Report for cell top.verilog
  Core Cell usage:
              cell count     area count*area
              AND2    10      1.0       10.0
              AND3    14      1.0       14.0
               AO1   101      1.0      101.0
              AO1A     5      1.0        5.0
              AO1B     2      1.0        2.0
              AOI1     1      1.0        1.0
             AOI1B     5      1.0        5.0
              AX1C     4      1.0        4.0
            CLKINT     3      0.0        0.0
               GND     6      0.0        0.0
               INV     1      1.0        1.0
               MX2    20      1.0       20.0
              NOR2    12      1.0       12.0
             NOR2A    38      1.0       38.0
             NOR2B   394      1.0      394.0
              NOR3     2      1.0        2.0
             NOR3A     8      1.0        8.0
             NOR3B    38      1.0       38.0
             NOR3C    66      1.0       66.0
               OA1    21      1.0       21.0
              OA1B     1      1.0        1.0
               OR2    42      1.0       42.0
              OR2A    49      1.0       49.0
              OR2B     1      1.0        1.0
               OR3   118      1.0      118.0
              OR3A     1      1.0        1.0
               PLL     1      0.0        0.0
            PLLINT     1      0.0        0.0
               VCC     6      0.0        0.0
               XA1    17      1.0       17.0
              XA1A    29      1.0       29.0
              XAI1     6      1.0        6.0
             XNOR2     1      1.0        1.0
              XOR2    23      1.0       23.0


            DFN1C0    35      1.0       35.0
            DFN1E1    20      1.0       20.0
          DFN1E1C0   148      1.0      148.0
          DFN1E1P0    40      1.0       40.0
            DFN1P0     8      1.0        8.0
                   -----          ----------
             TOTAL  1298              1281.0


  IO Cell usage:
              cell count
            CLKBUF     1
             INBUF     3
            OUTBUF    21
                   -----
             TOTAL    25


Core Cells         : 1281 of 6144 (21%)
IO Cells           : 25

  RAM/ROM Usage Summary
Block Rams : 0 of 8 (0%)

